cat
cat | /Volumes/Home/Users/shoops/git/COPASI/gitTools/header --clean copasi/app.pri
cat | /Volumes/Home/Users/shoops/git/COPASI/gitTools/header --clean copasi/common.pri
cat | /Volumes/Home/Users/shoops/git/COPASI/gitTools/header --smudge copasi/app.pri
cat | /Volumes/Home/Users/shoops/git/COPASI/gitTools/header --clean copasi/app.pri
cat
cat | /Volumes/Home/Users/shoops/git/COPASI/gitTools/header --clean copasi/common.pri
pre-commit: cat copasi/app.pri | /Volumes/Home/Users/shoops/git/COPASI/gitTools/copyright copasi/app.pri
cat | copyright copasi/app.pri
cat | /Volumes/Home/Users/shoops/git/COPASI/gitTools/header --smudge copasi/app.pri
cat | /Volumes/Home/Users/shoops/git/COPASI/gitTools/header --clean copasi/common.pri
cat | /Volumes/Home/Users/shoops/git/COPASI/gitTools/header --clean copasi/app.pri
cat
pre-commit: cat copasi/common.pri | /Volumes/Home/Users/shoops/git/COPASI/gitTools/copyright copasi/common.pri
cat | copyright copasi/common.pri
cat | /Volumes/Home/Users/shoops/git/COPASI/gitTools/header --smudge copasi/common.pri
cat
cat | /Volumes/Home/Users/shoops/git/COPASI/gitTools/header --clean copasi/common.pri
cat
pre-commit: cat copasi/MIRIAMUI/CQBiologicalDescriptionDM.h | /Volumes/Home/Users/shoops/git/COPASI/gitTools/copyright copasi/MIRIAMUI/CQBiologicalDescriptionDM.h | /Volumes/Home/Users/shoops/git/COPASI/gitTools/header --clean copasi/MIRIAMUI/CQBiologicalDescriptionDM.h | /Volumes/Home/Users/shoops/git/COPASI/gitTools/cstyle
cat | copyright copasi/MIRIAMUI/CQBiologicalDescriptionDM.h
cat | /Volumes/Home/Users/shoops/git/COPASI/gitTools/header --clean copasi/MIRIAMUI/CQBiologicalDescriptionDM.h
cat | /Volumes/Home/Users/shoops/git/COPASI/gitTools/header --clean copasi/MIRIAMUI/CQBiologicalDescriptionDM.h
cat | /Volumes/Home/Users/shoops/git/COPASI/gitTools/header --smudge copasi/MIRIAMUI/CQBiologicalDescriptionDM.h
cat | /Volumes/Home/Users/shoops/git/COPASI/gitTools/header --clean copasi/MIRIAMUI/CQBiologicalDescriptionDM.h
cat | /Volumes/Home/Users/shoops/git/COPASI/gitTools/header --clean copasi/MIRIAMUI/CQBiologicalDescriptionDM.h
cat | /Volumes/Home/Users/shoops/git/COPASI/gitTools/header --clean copasi/MIRIAMUI/CQBiologicalDescriptionDM.h
cat | /Volumes/Home/Users/shoops/git/COPASI/gitTools/header --clean copasi/MIRIAMUI/CQBiologicalDescriptionDM.h
cat | /Volumes/Home/Users/shoops/git/COPASI/gitTools/header --clean copasi/MIRIAMUI/CQBiologicalDescriptionDM.h
cat | /Volumes/Home/Users/shoops/git/COPASI/gitTools/header --clean copasi/MIRIAMUI/CQBiologicalDescriptionDM.h
pre-commit: cat copasi/MIRIAMUI/CQBiologicalDescriptionDM.h | /Volumes/Home/Users/shoops/git/COPASI/gitTools/copyright copasi/MIRIAMUI/CQBiologicalDescriptionDM.h | /Volumes/Home/Users/shoops/git/COPASI/gitTools/cstyle
clean: cat | /Volumes/Home/Users/shoops/git/COPASI/gitTools/header --clean copasi/MIRIAMUI/CQBiologicalDescriptionDM.h
smudge: cat | /Volumes/Home/Users/shoops/git/COPASI/gitTools/header --smudge copasi/MIRIAMUI/CQBiologicalDescriptionDM.h
clean: cat | /Volumes/Home/Users/shoops/git/COPASI/gitTools/header --clean copasi/MIRIAMUI/CQBiologicalDescriptionDM.h
clean: cat | /Volumes/Home/Users/shoops/git/COPASI/gitTools/header --clean copasi/MIRIAMUI/CQBiologicalDescriptionDM.h
clean: cat | /Volumes/Home/Users/shoops/git/COPASI/gitTools/header --clean copasi/MIRIAMUI/CQBiologicalDescriptionDM.h
clean: cat | /Volumes/Home/Users/shoops/git/COPASI/gitTools/header --clean copasi/common.pri
clean: cat | /Volumes/Home/Users/shoops/git/COPASI/gitTools/header --clean copasi/app.pri
clean: cat | /Volumes/Home/Users/shoops/git/COPASI/gitTools/header --clean copasi/common.pri
clean: cat | /Volumes/Home/Users/shoops/git/COPASI/gitTools/header --clean copasi/common.pri
clean: cat | /Volumes/Home/Users/shoops/git/COPASI/gitTools/header --clean copasi/common.pri
clean: cat | /Volumes/Home/Users/shoops/git/COPASI/gitTools/header --clean copasi/common.pri
clean: cat | /Volumes/Home/Users/shoops/git/COPASI/gitTools/header --clean copasi/common.pri
clean: cat | /Volumes/Home/Users/shoops/git/COPASI/gitTools/header --clean copasi/common.pri
clean: cat
clean: cat
clean: cat
clean: cat
clean: cat
clean: cat
clean: cat
clean: cat
clean: cat
clean: cat
clean: cat
clean: cat
clean: cat
clean: cat
clean: cat
clean: cat
clean: cat
clean: cat
clean: cat
clean: cat
